<?xml version="1.0" encoding="UTF-8"?>
<coverage generated="1771026766626" clover="3.2.0">
  <project timestamp="1771026766627" name="All files">
    <metrics statements="261" coveredstatements="256" conditionals="70" coveredconditionals="68" methods="31" coveredmethods="30" elements="362" coveredelements="354" complexity="0" loc="261" ncloc="261" packages="1" files="1" classes="1"/>
    <file name="index.js" path="/Users/nrytm/Desktop/final-project-banking-pro-app-bestregardsnik/final-project-banking-pro-app-bestregardsnik/src/index.js">
      <metrics statements="261" coveredstatements="256" conditionals="70" coveredconditionals="68" methods="31" coveredmethods="30"/>
      <line num="1" count="10" type="stmt"/>
      <line num="2" count="10" type="stmt"/>
      <line num="3" count="10" type="stmt"/>
      <line num="4" count="10" type="stmt"/>
      <line num="5" count="10" type="stmt"/>
      <line num="7" count="10" type="stmt"/>
      <line num="8" count="10" type="stmt"/>
      <line num="9" count="10" type="stmt"/>
      <line num="11" count="10" type="stmt"/>
      <line num="16" count="125" type="stmt"/>
      <line num="19" count="14" type="cond" truecount="2" falsecount="0"/>
      <line num="20" count="10" type="stmt"/>
      <line num="21" count="10" type="stmt"/>
      <line num="24" count="4" type="stmt"/>
      <line num="25" count="4" type="stmt"/>
      <line num="26" count="4" type="stmt"/>
      <line num="27" count="3" type="cond" truecount="4" falsecount="0"/>
      <line num="28" count="1" type="stmt"/>
      <line num="31" count="1" type="stmt"/>
      <line num="32" count="1" type="stmt"/>
      <line num="37" count="19" type="cond" truecount="1" falsecount="1"/>
      <line num="38" count="19" type="stmt"/>
      <line num="39" count="19" type="stmt"/>
      <line num="40" count="19" type="stmt"/>
      <line num="41" count="19" type="cond" truecount="2" falsecount="0"/>
      <line num="42" count="1" type="stmt"/>
      <line num="48" count="58" type="stmt"/>
      <line num="49" count="58" type="stmt"/>
      <line num="50" count="58" type="stmt"/>
      <line num="54" count="18" type="stmt"/>
      <line num="55" count="18" type="stmt"/>
      <line num="56" count="18" type="stmt"/>
      <line num="57" count="18" type="stmt"/>
      <line num="58" count="18" type="stmt"/>
      <line num="59" count="18" type="stmt"/>
      <line num="60" count="18" type="stmt"/>
      <line num="61" count="18" type="stmt"/>
      <line num="62" count="18" type="stmt"/>
      <line num="66" count="13" type="stmt"/>
      <line num="73" count="5" type="stmt"/>
      <line num="74" count="5" type="stmt"/>
      <line num="75" count="5" type="stmt"/>
      <line num="76" count="1" type="stmt"/>
      <line num="77" count="5" type="stmt"/>
      <line num="81" count="38" type="stmt"/>
      <line num="85" count="28" type="cond" truecount="4" falsecount="0"/>
      <line num="86" count="25" type="cond" truecount="2" falsecount="0"/>
      <line num="87" count="12" type="stmt"/>
      <line num="88" count="12" type="cond" truecount="4" falsecount="0"/>
      <line num="89" count="10" type="stmt"/>
      <line num="93" count="41" type="stmt"/>
      <line num="97" count="6" type="stmt"/>
      <line num="98" count="6" type="stmt"/>
      <line num="99" count="6" type="stmt"/>
      <line num="101" count="6" type="stmt"/>
      <line num="102" count="6" type="cond" truecount="4" falsecount="0"/>
      <line num="103" count="1" type="stmt"/>
      <line num="104" count="1" type="stmt"/>
      <line num="105" count="1" type="stmt"/>
      <line num="108" count="5" type="stmt"/>
      <line num="109" count="5" type="cond" truecount="2" falsecount="0"/>
      <line num="110" count="3" type="stmt"/>
      <line num="111" count="3" type="stmt"/>
      <line num="112" count="3" type="stmt"/>
      <line num="114" count="2" type="stmt"/>
      <line num="116" count="2" type="stmt"/>
      <line num="117" count="2" type="stmt"/>
      <line num="119" count="2" type="stmt"/>
      <line num="127" count="2" type="stmt"/>
      <line num="135" count="2" type="stmt"/>
      <line num="136" count="2" type="stmt"/>
      <line num="138" count="2" type="stmt"/>
      <line num="139" count="2" type="stmt"/>
      <line num="143" count="3" type="stmt"/>
      <line num="144" count="3" type="stmt"/>
      <line num="145" count="3" type="stmt"/>
      <line num="147" count="3" type="stmt"/>
      <line num="148" count="3" type="stmt"/>
      <line num="150" count="3" type="cond" truecount="2" falsecount="0"/>
      <line num="151" count="2" type="stmt"/>
      <line num="152" count="2" type="stmt"/>
      <line num="153" count="2" type="stmt"/>
      <line num="156" count="1" type="stmt"/>
      <line num="163" count="4" type="stmt"/>
      <line num="164" count="1" type="stmt"/>
      <line num="166" count="1" type="stmt"/>
      <line num="167" count="1" type="stmt"/>
      <line num="168" count="4" type="stmt"/>
      <line num="170" count="1" type="stmt"/>
      <line num="172" count="1" type="stmt"/>
      <line num="176" count="3" type="stmt"/>
      <line num="177" count="3" type="stmt"/>
      <line num="178" count="3" type="stmt"/>
      <line num="180" count="3" type="cond" truecount="2" falsecount="0"/>
      <line num="181" count="2" type="stmt"/>
      <line num="182" count="2" type="stmt"/>
      <line num="183" count="2" type="stmt"/>
      <line num="186" count="1" type="stmt"/>
      <line num="190" count="1" type="stmt"/>
      <line num="191" count="2" type="stmt"/>
      <line num="199" count="1" type="stmt"/>
      <line num="201" count="1" type="stmt"/>
      <line num="202" count="2" type="stmt"/>
      <line num="206" count="1" type="stmt"/>
      <line num="207" count="1" type="stmt"/>
      <line num="209" count="1" type="stmt"/>
      <line num="213" count="7" type="stmt"/>
      <line num="214" count="7" type="stmt"/>
      <line num="215" count="7" type="stmt"/>
      <line num="217" count="7" type="stmt"/>
      <line num="218" count="7" type="stmt"/>
      <line num="220" count="7" type="cond" truecount="2" falsecount="0"/>
      <line num="221" count="2" type="stmt"/>
      <line num="222" count="2" type="stmt"/>
      <line num="223" count="2" type="stmt"/>
      <line num="226" count="5" type="stmt"/>
      <line num="227" count="5" type="cond" truecount="2" falsecount="0"/>
      <line num="228" count="4" type="stmt"/>
      <line num="229" count="4" type="stmt"/>
      <line num="230" count="4" type="stmt"/>
      <line num="232" count="1" type="stmt"/>
      <line num="234" count="1" type="stmt"/>
      <line num="236" count="1" type="stmt"/>
      <line num="244" count="1" type="stmt"/>
      <line num="246" count="1" type="stmt"/>
      <line num="247" count="1" type="stmt"/>
      <line num="251" count="5" type="stmt"/>
      <line num="252" count="5" type="stmt"/>
      <line num="253" count="5" type="stmt"/>
      <line num="255" count="5" type="stmt"/>
      <line num="256" count="5" type="stmt"/>
      <line num="258" count="5" type="cond" truecount="2" falsecount="0"/>
      <line num="259" count="2" type="stmt"/>
      <line num="260" count="2" type="stmt"/>
      <line num="261" count="2" type="stmt"/>
      <line num="264" count="3" type="stmt"/>
      <line num="265" count="3" type="cond" truecount="2" falsecount="0"/>
      <line num="266" count="1" type="stmt"/>
      <line num="267" count="1" type="stmt"/>
      <line num="268" count="1" type="stmt"/>
      <line num="270" count="2" type="stmt"/>
      <line num="272" count="2" type="cond" truecount="2" falsecount="0"/>
      <line num="273" count="1" type="stmt"/>
      <line num="274" count="1" type="stmt"/>
      <line num="275" count="1" type="stmt"/>
      <line num="278" count="1" type="stmt"/>
      <line num="280" count="1" type="stmt"/>
      <line num="288" count="1" type="stmt"/>
      <line num="290" count="1" type="stmt"/>
      <line num="291" count="1" type="stmt"/>
      <line num="295" count="8" type="stmt"/>
      <line num="296" count="8" type="stmt"/>
      <line num="297" count="8" type="stmt"/>
      <line num="299" count="8" type="stmt"/>
      <line num="300" count="8" type="stmt"/>
      <line num="301" count="8" type="stmt"/>
      <line num="303" count="8" type="cond" truecount="2" falsecount="0"/>
      <line num="304" count="1" type="stmt"/>
      <line num="305" count="1" type="stmt"/>
      <line num="306" count="1" type="stmt"/>
      <line num="309" count="7" type="stmt"/>
      <line num="311" count="7" type="cond" truecount="2" falsecount="0"/>
      <line num="312" count="2" type="stmt"/>
      <line num="313" count="2" type="stmt"/>
      <line num="314" count="2" type="stmt"/>
      <line num="317" count="5" type="stmt"/>
      <line num="319" count="5" type="cond" truecount="2" falsecount="0"/>
      <line num="320" count="1" type="stmt"/>
      <line num="321" count="1" type="stmt"/>
      <line num="322" count="1" type="stmt"/>
      <line num="325" count="4" type="cond" truecount="2" falsecount="0"/>
      <line num="326" count="1" type="stmt"/>
      <line num="327" count="1" type="stmt"/>
      <line num="328" count="1" type="stmt"/>
      <line num="330" count="3" type="stmt"/>
      <line num="331" count="3" type="stmt"/>
      <line num="333" count="3" type="cond" truecount="2" falsecount="0"/>
      <line num="334" count="1" type="stmt"/>
      <line num="335" count="1" type="stmt"/>
      <line num="336" count="1" type="stmt"/>
      <line num="339" count="2" type="stmt"/>
      <line num="340" count="2" type="stmt"/>
      <line num="348" count="2" type="stmt"/>
      <line num="349" count="2" type="stmt"/>
      <line num="357" count="2" type="stmt"/>
      <line num="359" count="2" type="stmt"/>
      <line num="360" count="2" type="stmt"/>
      <line num="364" count="4" type="stmt"/>
      <line num="365" count="4" type="stmt"/>
      <line num="366" count="4" type="stmt"/>
      <line num="368" count="4" type="stmt"/>
      <line num="369" count="4" type="stmt"/>
      <line num="371" count="4" type="cond" truecount="2" falsecount="0"/>
      <line num="372" count="2" type="stmt"/>
      <line num="373" count="2" type="stmt"/>
      <line num="374" count="2" type="stmt"/>
      <line num="377" count="2" type="cond" truecount="2" falsecount="0"/>
      <line num="378" count="1" type="stmt"/>
      <line num="379" count="1" type="stmt"/>
      <line num="380" count="1" type="stmt"/>
      <line num="383" count="1" type="stmt"/>
      <line num="387" count="1" type="stmt"/>
      <line num="388" count="1" type="stmt"/>
      <line num="396" count="1" type="stmt"/>
      <line num="397" count="1" type="stmt"/>
      <line num="401" count="4" type="stmt"/>
      <line num="402" count="4" type="stmt"/>
      <line num="403" count="4" type="stmt"/>
      <line num="405" count="4" type="stmt"/>
      <line num="406" count="4" type="stmt"/>
      <line num="408" count="4" type="cond" truecount="2" falsecount="0"/>
      <line num="409" count="2" type="stmt"/>
      <line num="410" count="2" type="stmt"/>
      <line num="411" count="2" type="stmt"/>
      <line num="414" count="2" type="cond" truecount="2" falsecount="0"/>
      <line num="415" count="1" type="stmt"/>
      <line num="416" count="1" type="stmt"/>
      <line num="417" count="1" type="stmt"/>
      <line num="420" count="1" type="stmt"/>
      <line num="421" count="1" type="stmt"/>
      <line num="423" count="1" type="stmt"/>
      <line num="424" count="1" type="stmt"/>
      <line num="428" count="10" type="stmt"/>
      <line num="429" count="10" type="stmt"/>
      <line num="430" count="10" type="stmt"/>
      <line num="431" count="10" type="stmt"/>
      <line num="435" count="9" type="stmt"/>
      <line num="437" count="9" type="stmt"/>
      <line num="438" count="18" type="stmt"/>
      <line num="439" count="18" type="stmt"/>
      <line num="440" count="18" type="stmt"/>
      <line num="442" count="18" type="stmt"/>
      <line num="444" count="18" type="cond" truecount="10" falsecount="0"/>
      <line num="446" count="1" type="stmt"/>
      <line num="447" count="1" type="stmt"/>
      <line num="449" count="1" type="stmt"/>
      <line num="450" count="1" type="stmt"/>
      <line num="452" count="1" type="stmt"/>
      <line num="453" count="1" type="stmt"/>
      <line num="455" count="1" type="stmt"/>
      <line num="456" count="1" type="stmt"/>
      <line num="458" count="1" type="stmt"/>
      <line num="459" count="1" type="stmt"/>
      <line num="461" count="1" type="stmt"/>
      <line num="462" count="1" type="stmt"/>
      <line num="464" count="1" type="stmt"/>
      <line num="465" count="1" type="stmt"/>
      <line num="467" count="1" type="stmt"/>
      <line num="468" count="1" type="stmt"/>
      <line num="470" count="9" type="stmt"/>
      <line num="471" count="0" type="stmt"/>
      <line num="473" count="1" type="stmt"/>
      <line num="474" count="1" type="stmt"/>
      <line num="475" count="1" type="stmt"/>
      <line num="480" count="10" type="stmt"/>
      <line num="481" count="0" type="stmt"/>
      <line num="482" count="0" type="stmt"/>
      <line num="483" count="0" type="stmt"/>
      <line num="486" count="10" type="cond" truecount="1" falsecount="1"/>
      <line num="487" count="0" type="stmt"/>
      <line num="490" count="10" type="stmt"/>
    </file>
  </project>
</coverage>
