{"/Users/nrytm/Desktop/final-project-banking-pro-app-bestregardsnik/final-project-banking-pro-app-bestregardsnik/src/index.js": {"path":"/Users/nrytm/Desktop/final-project-banking-pro-app-bestregardsnik/final-project-banking-pro-app-bestregardsnik/src/index.js","statementMap":{"0":{"start":{"line":1,"column":11},"end":{"line":1,"column":24}},"1":{"start":{"line":2,"column":13},"end":{"line":2,"column":28}},"2":{"start":{"line":3,"column":17},"end":{"line":3,"column":36}},"3":{"start":{"line":4,"column":14},"end":{"line":4,"column":30}},"4":{"start":{"line":5,"column":14},"end":{"line":5,"column":35}},"5":{"start":{"line":7,"column":17},"end":{"line":7,"column":62}},"6":{"start":{"line":8,"column":11},"end":{"line":8,"column":27}},"7":{"start":{"line":9,"column":13},"end":{"line":9,"column":18}},"8":{"start":{"line":11,"column":11},"end":{"line":14,"column":2}},"9":{"start":{"line":16,"column":12},"end":{"line":16,"column":82}},"10":{"start":{"line":16,"column":26},"end":{"line":16,"column":82}},"11":{"start":{"line":16,"column":51},"end":{"line":16,"column":81}},"12":{"start":{"line":19,"column":2},"end":{"line":22,"column":3}},"13":{"start":{"line":20,"column":4},"end":{"line":20,"column":62}},"14":{"start":{"line":21,"column":4},"end":{"line":21,"column":11}},"15":{"start":{"line":24,"column":2},"end":{"line":33,"column":3}},"16":{"start":{"line":25,"column":16},"end":{"line":25,"column":49}},"17":{"start":{"line":26,"column":4},"end":{"line":26,"column":27}},"18":{"start":{"line":27,"column":4},"end":{"line":29,"column":5}},"19":{"start":{"line":28,"column":6},"end":{"line":28,"column":30}},"20":{"start":{"line":31,"column":4},"end":{"line":31,"column":89}},"21":{"start":{"line":32,"column":4},"end":{"line":32,"column":28}},"22":{"start":{"line":37,"column":2},"end":{"line":37,"column":21}},"23":{"start":{"line":37,"column":14},"end":{"line":37,"column":21}},"24":{"start":{"line":38,"column":2},"end":{"line":38,"column":16}},"25":{"start":{"line":39,"column":2},"end":{"line":44,"column":5}},"26":{"start":{"line":40,"column":4},"end":{"line":40,"column":19}},"27":{"start":{"line":41,"column":4},"end":{"line":43,"column":5}},"28":{"start":{"line":42,"column":6},"end":{"line":42,"column":53}},"29":{"start":{"line":48,"column":2},"end":{"line":48,"column":68}},"30":{"start":{"line":49,"column":2},"end":{"line":49,"column":68}},"31":{"start":{"line":50,"column":2},"end":{"line":50,"column":68}},"32":{"start":{"line":54,"column":2},"end":{"line":54,"column":39}},"33":{"start":{"line":55,"column":2},"end":{"line":55,"column":41}},"34":{"start":{"line":56,"column":2},"end":{"line":56,"column":38}},"35":{"start":{"line":57,"column":2},"end":{"line":57,"column":34}},"36":{"start":{"line":58,"column":2},"end":{"line":58,"column":35}},"37":{"start":{"line":59,"column":2},"end":{"line":59,"column":46}},"38":{"start":{"line":60,"column":2},"end":{"line":60,"column":45}},"39":{"start":{"line":61,"column":2},"end":{"line":61,"column":35}},"40":{"start":{"line":62,"column":2},"end":{"line":62,"column":37}},"41":{"start":{"line":66,"column":2},"end":{"line":69,"column":19}},"42":{"start":{"line":73,"column":11},"end":{"line":73,"column":13}},"43":{"start":{"line":74,"column":2},"end":{"line":76,"column":63}},"44":{"start":{"line":75,"column":4},"end":{"line":75,"column":58}},"45":{"start":{"line":76,"column":43},"end":{"line":76,"column":60}},"46":{"start":{"line":77,"column":2},"end":{"line":77,"column":12}},"47":{"start":{"line":81,"column":2},"end":{"line":81,"column":60}},"48":{"start":{"line":81,"column":41},"end":{"line":81,"column":58}},"49":{"start":{"line":85,"column":2},"end":{"line":85,"column":50}},"50":{"start":{"line":85,"column":37},"end":{"line":85,"column":50}},"51":{"start":{"line":86,"column":2},"end":{"line":86,"column":56}},"52":{"start":{"line":86,"column":43},"end":{"line":86,"column":56}},"53":{"start":{"line":87,"column":14},"end":{"line":87,"column":31}},"54":{"start":{"line":88,"column":2},"end":{"line":88,"column":43}},"55":{"start":{"line":88,"column":30},"end":{"line":88,"column":43}},"56":{"start":{"line":89,"column":2},"end":{"line":89,"column":14}},"57":{"start":{"line":93,"column":2},"end":{"line":93,"column":56}},"58":{"start":{"line":97,"column":2},"end":{"line":97,"column":18}},"59":{"start":{"line":98,"column":2},"end":{"line":98,"column":17}},"60":{"start":{"line":99,"column":2},"end":{"line":99,"column":48}},"61":{"start":{"line":101,"column":21},"end":{"line":101,"column":55}},"62":{"start":{"line":102,"column":2},"end":{"line":106,"column":3}},"63":{"start":{"line":103,"column":4},"end":{"line":103,"column":74}},"64":{"start":{"line":104,"column":4},"end":{"line":104,"column":18}},"65":{"start":{"line":105,"column":4},"end":{"line":105,"column":11}},"66":{"start":{"line":108,"column":30},"end":{"line":108,"column":67}},"67":{"start":{"line":109,"column":2},"end":{"line":113,"column":3}},"68":{"start":{"line":110,"column":4},"end":{"line":110,"column":75}},"69":{"start":{"line":111,"column":4},"end":{"line":111,"column":18}},"70":{"start":{"line":112,"column":4},"end":{"line":112,"column":11}},"71":{"start":{"line":114,"column":25},"end":{"line":114,"column":56}},"72":{"start":{"line":116,"column":13},"end":{"line":116,"column":32}},"73":{"start":{"line":117,"column":14},"end":{"line":117,"column":38}},"74":{"start":{"line":119,"column":18},"end":{"line":125,"column":3}},"75":{"start":{"line":127,"column":2},"end":{"line":133,"column":5}},"76":{"start":{"line":135,"column":2},"end":{"line":135,"column":30}},"77":{"start":{"line":136,"column":2},"end":{"line":136,"column":13}},"78":{"start":{"line":138,"column":2},"end":{"line":138,"column":70}},"79":{"start":{"line":139,"column":2},"end":{"line":139,"column":16}},"80":{"start":{"line":143,"column":2},"end":{"line":143,"column":18}},"81":{"start":{"line":144,"column":2},"end":{"line":144,"column":17}},"82":{"start":{"line":145,"column":2},"end":{"line":145,"column":50}},"83":{"start":{"line":147,"column":13},"end":{"line":147,"column":38}},"84":{"start":{"line":148,"column":18},"end":{"line":148,"column":44}},"85":{"start":{"line":150,"column":2},"end":{"line":154,"column":3}},"86":{"start":{"line":151,"column":4},"end":{"line":151,"column":49}},"87":{"start":{"line":152,"column":4},"end":{"line":152,"column":18}},"88":{"start":{"line":153,"column":4},"end":{"line":153,"column":11}},"89":{"start":{"line":156,"column":16},"end":{"line":161,"column":3}},"90":{"start":{"line":163,"column":16},"end":{"line":163,"column":65}},"91":{"start":{"line":163,"column":48},"end":{"line":163,"column":59}},"92":{"start":{"line":164,"column":17},"end":{"line":164,"column":45}},"93":{"start":{"line":166,"column":2},"end":{"line":166,"column":22}},"94":{"start":{"line":167,"column":2},"end":{"line":169,"column":5}},"95":{"start":{"line":168,"column":4},"end":{"line":168,"column":49}},"96":{"start":{"line":170,"column":2},"end":{"line":170,"column":22}},"97":{"start":{"line":172,"column":2},"end":{"line":172,"column":16}},"98":{"start":{"line":176,"column":2},"end":{"line":176,"column":18}},"99":{"start":{"line":177,"column":2},"end":{"line":177,"column":17}},"100":{"start":{"line":178,"column":2},"end":{"line":178,"column":42}},"101":{"start":{"line":180,"column":2},"end":{"line":184,"column":3}},"102":{"start":{"line":181,"column":4},"end":{"line":181,"column":52}},"103":{"start":{"line":182,"column":4},"end":{"line":182,"column":18}},"104":{"start":{"line":183,"column":4},"end":{"line":183,"column":11}},"105":{"start":{"line":186,"column":16},"end":{"line":188,"column":4}},"106":{"start":{"line":190,"column":2},"end":{"line":197,"column":5}},"107":{"start":{"line":191,"column":4},"end":{"line":196,"column":7}},"108":{"start":{"line":199,"column":2},"end":{"line":199,"column":32}},"109":{"start":{"line":201,"column":23},"end":{"line":204,"column":3}},"110":{"start":{"line":202,"column":22},"end":{"line":202,"column":43}},"111":{"start":{"line":206,"column":2},"end":{"line":206,"column":57}},"112":{"start":{"line":207,"column":2},"end":{"line":207,"column":61}},"113":{"start":{"line":209,"column":2},"end":{"line":209,"column":16}},"114":{"start":{"line":213,"column":2},"end":{"line":213,"column":18}},"115":{"start":{"line":214,"column":2},"end":{"line":214,"column":17}},"116":{"start":{"line":215,"column":2},"end":{"line":215,"column":43}},"117":{"start":{"line":217,"column":13},"end":{"line":217,"column":38}},"118":{"start":{"line":218,"column":18},"end":{"line":218,"column":44}},"119":{"start":{"line":220,"column":2},"end":{"line":224,"column":3}},"120":{"start":{"line":221,"column":4},"end":{"line":221,"column":49}},"121":{"start":{"line":222,"column":4},"end":{"line":222,"column":18}},"122":{"start":{"line":223,"column":4},"end":{"line":223,"column":11}},"123":{"start":{"line":226,"column":22},"end":{"line":226,"column":51}},"124":{"start":{"line":227,"column":2},"end":{"line":231,"column":3}},"125":{"start":{"line":228,"column":4},"end":{"line":228,"column":75}},"126":{"start":{"line":229,"column":4},"end":{"line":229,"column":18}},"127":{"start":{"line":230,"column":4},"end":{"line":230,"column":11}},"128":{"start":{"line":232,"column":17},"end":{"line":232,"column":40}},"129":{"start":{"line":234,"column":2},"end":{"line":234,"column":28}},"130":{"start":{"line":236,"column":2},"end":{"line":242,"column":5}},"131":{"start":{"line":244,"column":2},"end":{"line":244,"column":13}},"132":{"start":{"line":246,"column":2},"end":{"line":246,"column":93}},"133":{"start":{"line":247,"column":2},"end":{"line":247,"column":16}},"134":{"start":{"line":251,"column":2},"end":{"line":251,"column":18}},"135":{"start":{"line":252,"column":2},"end":{"line":252,"column":17}},"136":{"start":{"line":253,"column":2},"end":{"line":253,"column":44}},"137":{"start":{"line":255,"column":13},"end":{"line":255,"column":38}},"138":{"start":{"line":256,"column":18},"end":{"line":256,"column":44}},"139":{"start":{"line":258,"column":2},"end":{"line":262,"column":3}},"140":{"start":{"line":259,"column":4},"end":{"line":259,"column":49}},"141":{"start":{"line":260,"column":4},"end":{"line":260,"column":18}},"142":{"start":{"line":261,"column":4},"end":{"line":261,"column":11}},"143":{"start":{"line":264,"column":22},"end":{"line":264,"column":54}},"144":{"start":{"line":265,"column":2},"end":{"line":269,"column":3}},"145":{"start":{"line":266,"column":4},"end":{"line":266,"column":75}},"146":{"start":{"line":267,"column":4},"end":{"line":267,"column":18}},"147":{"start":{"line":268,"column":4},"end":{"line":268,"column":11}},"148":{"start":{"line":270,"column":17},"end":{"line":270,"column":40}},"149":{"start":{"line":272,"column":2},"end":{"line":276,"column":3}},"150":{"start":{"line":273,"column":4},"end":{"line":273,"column":57}},"151":{"start":{"line":274,"column":4},"end":{"line":274,"column":18}},"152":{"start":{"line":275,"column":4},"end":{"line":275,"column":11}},"153":{"start":{"line":278,"column":2},"end":{"line":278,"column":28}},"154":{"start":{"line":280,"column":2},"end":{"line":286,"column":5}},"155":{"start":{"line":288,"column":2},"end":{"line":288,"column":13}},"156":{"start":{"line":290,"column":2},"end":{"line":290,"column":96}},"157":{"start":{"line":291,"column":2},"end":{"line":291,"column":16}},"158":{"start":{"line":295,"column":2},"end":{"line":295,"column":18}},"159":{"start":{"line":296,"column":2},"end":{"line":296,"column":17}},"160":{"start":{"line":297,"column":2},"end":{"line":297,"column":55}},"161":{"start":{"line":299,"column":17},"end":{"line":299,"column":47}},"162":{"start":{"line":300,"column":15},"end":{"line":300,"column":43}},"163":{"start":{"line":301,"column":22},"end":{"line":301,"column":52}},"164":{"start":{"line":303,"column":2},"end":{"line":307,"column":3}},"165":{"start":{"line":304,"column":4},"end":{"line":304,"column":74}},"166":{"start":{"line":305,"column":4},"end":{"line":305,"column":18}},"167":{"start":{"line":306,"column":4},"end":{"line":306,"column":11}},"168":{"start":{"line":309,"column":22},"end":{"line":309,"column":52}},"169":{"start":{"line":311,"column":2},"end":{"line":315,"column":3}},"170":{"start":{"line":312,"column":4},"end":{"line":312,"column":56}},"171":{"start":{"line":313,"column":4},"end":{"line":313,"column":18}},"172":{"start":{"line":314,"column":4},"end":{"line":314,"column":11}},"173":{"start":{"line":317,"column":20},"end":{"line":317,"column":48}},"174":{"start":{"line":319,"column":2},"end":{"line":323,"column":3}},"175":{"start":{"line":320,"column":4},"end":{"line":320,"column":59}},"176":{"start":{"line":321,"column":4},"end":{"line":321,"column":18}},"177":{"start":{"line":322,"column":4},"end":{"line":322,"column":11}},"178":{"start":{"line":325,"column":2},"end":{"line":329,"column":3}},"179":{"start":{"line":326,"column":4},"end":{"line":326,"column":75}},"180":{"start":{"line":327,"column":4},"end":{"line":327,"column":18}},"181":{"start":{"line":328,"column":4},"end":{"line":328,"column":11}},"182":{"start":{"line":330,"column":17},"end":{"line":330,"column":40}},"183":{"start":{"line":331,"column":20},"end":{"line":331,"column":44}},"184":{"start":{"line":333,"column":2},"end":{"line":337,"column":3}},"185":{"start":{"line":334,"column":4},"end":{"line":334,"column":57}},"186":{"start":{"line":335,"column":4},"end":{"line":335,"column":18}},"187":{"start":{"line":336,"column":4},"end":{"line":336,"column":11}},"188":{"start":{"line":339,"column":2},"end":{"line":339,"column":32}},"189":{"start":{"line":340,"column":2},"end":{"line":346,"column":5}},"190":{"start":{"line":348,"column":2},"end":{"line":348,"column":30}},"191":{"start":{"line":349,"column":2},"end":{"line":355,"column":5}},"192":{"start":{"line":357,"column":2},"end":{"line":357,"column":13}},"193":{"start":{"line":359,"column":2},"end":{"line":359,"column":50}},"194":{"start":{"line":360,"column":2},"end":{"line":360,"column":16}},"195":{"start":{"line":364,"column":2},"end":{"line":364,"column":18}},"196":{"start":{"line":365,"column":2},"end":{"line":365,"column":17}},"197":{"start":{"line":366,"column":2},"end":{"line":366,"column":49}},"198":{"start":{"line":368,"column":13},"end":{"line":368,"column":38}},"199":{"start":{"line":369,"column":18},"end":{"line":369,"column":44}},"200":{"start":{"line":371,"column":2},"end":{"line":375,"column":3}},"201":{"start":{"line":372,"column":4},"end":{"line":372,"column":49}},"202":{"start":{"line":373,"column":4},"end":{"line":373,"column":18}},"203":{"start":{"line":374,"column":4},"end":{"line":374,"column":11}},"204":{"start":{"line":377,"column":2},"end":{"line":381,"column":3}},"205":{"start":{"line":378,"column":4},"end":{"line":378,"column":56}},"206":{"start":{"line":379,"column":4},"end":{"line":379,"column":18}},"207":{"start":{"line":380,"column":4},"end":{"line":380,"column":11}},"208":{"start":{"line":383,"column":16},"end":{"line":385,"column":4}},"209":{"start":{"line":387,"column":2},"end":{"line":394,"column":5}},"210":{"start":{"line":388,"column":4},"end":{"line":393,"column":7}},"211":{"start":{"line":396,"column":2},"end":{"line":396,"column":32}},"212":{"start":{"line":397,"column":2},"end":{"line":397,"column":16}},"213":{"start":{"line":401,"column":2},"end":{"line":401,"column":18}},"214":{"start":{"line":402,"column":2},"end":{"line":402,"column":17}},"215":{"start":{"line":403,"column":2},"end":{"line":403,"column":44}},"216":{"start":{"line":405,"column":13},"end":{"line":405,"column":38}},"217":{"start":{"line":406,"column":16},"end":{"line":406,"column":78}},"218":{"start":{"line":406,"column":53},"end":{"line":406,"column":77}},"219":{"start":{"line":408,"column":2},"end":{"line":412,"column":3}},"220":{"start":{"line":409,"column":4},"end":{"line":409,"column":49}},"221":{"start":{"line":410,"column":4},"end":{"line":410,"column":18}},"222":{"start":{"line":411,"column":4},"end":{"line":411,"column":11}},"223":{"start":{"line":414,"column":2},"end":{"line":418,"column":3}},"224":{"start":{"line":415,"column":4},"end":{"line":415,"column":127}},"225":{"start":{"line":416,"column":4},"end":{"line":416,"column":18}},"226":{"start":{"line":417,"column":4},"end":{"line":417,"column":11}},"227":{"start":{"line":420,"column":2},"end":{"line":420,"column":33}},"228":{"start":{"line":421,"column":2},"end":{"line":421,"column":13}},"229":{"start":{"line":423,"column":2},"end":{"line":423,"column":47}},"230":{"start":{"line":424,"column":2},"end":{"line":424,"column":16}},"231":{"start":{"line":428,"column":2},"end":{"line":428,"column":51}},"232":{"start":{"line":429,"column":2},"end":{"line":429,"column":13}},"233":{"start":{"line":430,"column":2},"end":{"line":430,"column":13}},"234":{"start":{"line":431,"column":2},"end":{"line":431,"column":18}},"235":{"start":{"line":435,"column":2},"end":{"line":435,"column":13}},"236":{"start":{"line":437,"column":2},"end":{"line":477,"column":3}},"237":{"start":{"line":438,"column":4},"end":{"line":438,"column":20}},"238":{"start":{"line":439,"column":4},"end":{"line":439,"column":19}},"239":{"start":{"line":440,"column":4},"end":{"line":440,"column":17}},"240":{"start":{"line":442,"column":19},"end":{"line":442,"column":53}},"241":{"start":{"line":444,"column":4},"end":{"line":476,"column":5}},"242":{"start":{"line":446,"column":8},"end":{"line":446,"column":30}},"243":{"start":{"line":447,"column":8},"end":{"line":447,"column":14}},"244":{"start":{"line":449,"column":8},"end":{"line":449,"column":35}},"245":{"start":{"line":450,"column":8},"end":{"line":450,"column":14}},"246":{"start":{"line":452,"column":8},"end":{"line":452,"column":32}},"247":{"start":{"line":453,"column":8},"end":{"line":453,"column":14}},"248":{"start":{"line":455,"column":8},"end":{"line":455,"column":29}},"249":{"start":{"line":456,"column":8},"end":{"line":456,"column":14}},"250":{"start":{"line":458,"column":8},"end":{"line":458,"column":30}},"251":{"start":{"line":459,"column":8},"end":{"line":459,"column":14}},"252":{"start":{"line":461,"column":8},"end":{"line":461,"column":30}},"253":{"start":{"line":462,"column":8},"end":{"line":462,"column":14}},"254":{"start":{"line":464,"column":8},"end":{"line":464,"column":39}},"255":{"start":{"line":465,"column":8},"end":{"line":465,"column":14}},"256":{"start":{"line":467,"column":8},"end":{"line":467,"column":30}},"257":{"start":{"line":468,"column":8},"end":{"line":468,"column":14}},"258":{"start":{"line":470,"column":8},"end":{"line":470,"column":24}},"259":{"start":{"line":471,"column":8},"end":{"line":471,"column":14}},"260":{"start":{"line":473,"column":8},"end":{"line":473,"column":69}},"261":{"start":{"line":474,"column":8},"end":{"line":474,"column":22}},"262":{"start":{"line":475,"column":8},"end":{"line":475,"column":14}},"263":{"start":{"line":480,"column":0},"end":{"line":484,"column":3}},"264":{"start":{"line":481,"column":2},"end":{"line":481,"column":60}},"265":{"start":{"line":482,"column":2},"end":{"line":482,"column":13}},"266":{"start":{"line":483,"column":2},"end":{"line":483,"column":18}},"267":{"start":{"line":486,"column":0},"end":{"line":488,"column":1}},"268":{"start":{"line":487,"column":2},"end":{"line":487,"column":9}},"269":{"start":{"line":490,"column":0},"end":{"line":510,"column":2}}},"fnMap":{"0":{"name":"(anonymous_0)","decl":{"start":{"line":16,"column":12},"end":{"line":16,"column":13}},"loc":{"start":{"line":16,"column":26},"end":{"line":16,"column":82}},"line":16},"1":{"name":"(anonymous_1)","decl":{"start":{"line":16,"column":38},"end":{"line":16,"column":39}},"loc":{"start":{"line":16,"column":51},"end":{"line":16,"column":81}},"line":16},"2":{"name":"loadData","decl":{"start":{"line":18,"column":9},"end":{"line":18,"column":17}},"loc":{"start":{"line":18,"column":20},"end":{"line":34,"column":1}},"line":18},"3":{"name":"saveData","decl":{"start":{"line":36,"column":9},"end":{"line":36,"column":17}},"loc":{"start":{"line":36,"column":20},"end":{"line":45,"column":1}},"line":36},"4":{"name":"(anonymous_4)","decl":{"start":{"line":39,"column":56},"end":{"line":39,"column":57}},"loc":{"start":{"line":39,"column":65},"end":{"line":44,"column":3}},"line":39},"5":{"name":"renderHeader","decl":{"start":{"line":47,"column":9},"end":{"line":47,"column":21}},"loc":{"start":{"line":47,"column":24},"end":{"line":51,"column":1}},"line":47},"6":{"name":"renderMenu","decl":{"start":{"line":53,"column":9},"end":{"line":53,"column":19}},"loc":{"start":{"line":53,"column":22},"end":{"line":63,"column":1}},"line":53},"7":{"name":"formatMoney","decl":{"start":{"line":65,"column":9},"end":{"line":65,"column":20}},"loc":{"start":{"line":65,"column":28},"end":{"line":70,"column":1}},"line":65},"8":{"name":"generateAccountId","decl":{"start":{"line":72,"column":9},"end":{"line":72,"column":26}},"loc":{"start":{"line":72,"column":29},"end":{"line":78,"column":1}},"line":72},"9":{"name":"(anonymous_9)","decl":{"start":{"line":76,"column":30},"end":{"line":76,"column":31}},"loc":{"start":{"line":76,"column":43},"end":{"line":76,"column":60}},"line":76},"10":{"name":"findAccountById","decl":{"start":{"line":80,"column":9},"end":{"line":80,"column":24}},"loc":{"start":{"line":80,"column":29},"end":{"line":82,"column":1}},"line":80},"11":{"name":"(anonymous_11)","decl":{"start":{"line":81,"column":28},"end":{"line":81,"column":29}},"loc":{"start":{"line":81,"column":41},"end":{"line":81,"column":58}},"line":81},"12":{"name":"isValidAmount","decl":{"start":{"line":84,"column":9},"end":{"line":84,"column":22}},"loc":{"start":{"line":84,"column":30},"end":{"line":90,"column":1}},"line":84},"13":{"name":"pause","decl":{"start":{"line":92,"column":15},"end":{"line":92,"column":20}},"loc":{"start":{"line":92,"column":23},"end":{"line":94,"column":1}},"line":92},"14":{"name":"createAccount","decl":{"start":{"line":96,"column":15},"end":{"line":96,"column":28}},"loc":{"start":{"line":96,"column":31},"end":{"line":140,"column":1}},"line":96},"15":{"name":"viewAccountDetails","decl":{"start":{"line":142,"column":15},"end":{"line":142,"column":33}},"loc":{"start":{"line":142,"column":36},"end":{"line":173,"column":1}},"line":142},"16":{"name":"(anonymous_16)","decl":{"start":{"line":163,"column":38},"end":{"line":163,"column":39}},"loc":{"start":{"line":163,"column":48},"end":{"line":163,"column":59}},"line":163},"17":{"name":"(anonymous_17)","decl":{"start":{"line":167,"column":16},"end":{"line":167,"column":17}},"loc":{"start":{"line":167,"column":26},"end":{"line":169,"column":3}},"line":167},"18":{"name":"listAllAccounts","decl":{"start":{"line":175,"column":15},"end":{"line":175,"column":30}},"loc":{"start":{"line":175,"column":33},"end":{"line":210,"column":1}},"line":175},"19":{"name":"(anonymous_19)","decl":{"start":{"line":190,"column":24},"end":{"line":190,"column":25}},"loc":{"start":{"line":190,"column":37},"end":{"line":197,"column":3}},"line":190},"20":{"name":"(anonymous_20)","decl":{"start":{"line":202,"column":4},"end":{"line":202,"column":5}},"loc":{"start":{"line":202,"column":22},"end":{"line":202,"column":43}},"line":202},"21":{"name":"depositFunds","decl":{"start":{"line":212,"column":15},"end":{"line":212,"column":27}},"loc":{"start":{"line":212,"column":30},"end":{"line":248,"column":1}},"line":212},"22":{"name":"withdrawFunds","decl":{"start":{"line":250,"column":15},"end":{"line":250,"column":28}},"loc":{"start":{"line":250,"column":31},"end":{"line":292,"column":1}},"line":250},"23":{"name":"transferFunds","decl":{"start":{"line":294,"column":15},"end":{"line":294,"column":28}},"loc":{"start":{"line":294,"column":31},"end":{"line":361,"column":1}},"line":294},"24":{"name":"viewTransactionHistory","decl":{"start":{"line":363,"column":15},"end":{"line":363,"column":37}},"loc":{"start":{"line":363,"column":40},"end":{"line":398,"column":1}},"line":363},"25":{"name":"(anonymous_25)","decl":{"start":{"line":387,"column":31},"end":{"line":387,"column":32}},"loc":{"start":{"line":387,"column":48},"end":{"line":394,"column":3}},"line":387},"26":{"name":"deleteAccount","decl":{"start":{"line":400,"column":15},"end":{"line":400,"column":28}},"loc":{"start":{"line":400,"column":31},"end":{"line":425,"column":1}},"line":400},"27":{"name":"(anonymous_27)","decl":{"start":{"line":406,"column":40},"end":{"line":406,"column":41}},"loc":{"start":{"line":406,"column":53},"end":{"line":406,"column":77}},"line":406},"28":{"name":"exitApp","decl":{"start":{"line":427,"column":15},"end":{"line":427,"column":22}},"loc":{"start":{"line":427,"column":25},"end":{"line":432,"column":1}},"line":427},"29":{"name":"main","decl":{"start":{"line":434,"column":15},"end":{"line":434,"column":19}},"loc":{"start":{"line":434,"column":22},"end":{"line":478,"column":1}},"line":434},"30":{"name":"(anonymous_30)","decl":{"start":{"line":480,"column":21},"end":{"line":480,"column":22}},"loc":{"start":{"line":480,"column":27},"end":{"line":484,"column":1}},"line":480}},"branchMap":{"0":{"loc":{"start":{"line":19,"column":2},"end":{"line":22,"column":3}},"type":"if","locations":[{"start":{"line":19,"column":2},"end":{"line":22,"column":3}},{"start":{},"end":{}}],"line":19},"1":{"loc":{"start":{"line":27,"column":4},"end":{"line":29,"column":5}},"type":"if","locations":[{"start":{"line":27,"column":4},"end":{"line":29,"column":5}},{"start":{},"end":{}}],"line":27},"2":{"loc":{"start":{"line":27,"column":8},"end":{"line":27,"column":46}},"type":"binary-expr","locations":[{"start":{"line":27,"column":8},"end":{"line":27,"column":13}},{"start":{"line":27,"column":17},"end":{"line":27,"column":46}}],"line":27},"3":{"loc":{"start":{"line":37,"column":2},"end":{"line":37,"column":21}},"type":"if","locations":[{"start":{"line":37,"column":2},"end":{"line":37,"column":21}},{"start":{},"end":{}}],"line":37},"4":{"loc":{"start":{"line":41,"column":4},"end":{"line":43,"column":5}},"type":"if","locations":[{"start":{"line":41,"column":4},"end":{"line":43,"column":5}},{"start":{},"end":{}}],"line":41},"5":{"loc":{"start":{"line":85,"column":2},"end":{"line":85,"column":50}},"type":"if","locations":[{"start":{"line":85,"column":2},"end":{"line":85,"column":50}},{"start":{},"end":{}}],"line":85},"6":{"loc":{"start":{"line":85,"column":6},"end":{"line":85,"column":35}},"type":"binary-expr","locations":[{"start":{"line":85,"column":6},"end":{"line":85,"column":12}},{"start":{"line":85,"column":16},"end":{"line":85,"column":35}}],"line":85},"7":{"loc":{"start":{"line":86,"column":2},"end":{"line":86,"column":56}},"type":"if","locations":[{"start":{"line":86,"column":2},"end":{"line":86,"column":56}},{"start":{},"end":{}}],"line":86},"8":{"loc":{"start":{"line":88,"column":2},"end":{"line":88,"column":43}},"type":"if","locations":[{"start":{"line":88,"column":2},"end":{"line":88,"column":43}},{"start":{},"end":{}}],"line":88},"9":{"loc":{"start":{"line":88,"column":6},"end":{"line":88,"column":28}},"type":"binary-expr","locations":[{"start":{"line":88,"column":6},"end":{"line":88,"column":16}},{"start":{"line":88,"column":20},"end":{"line":88,"column":28}}],"line":88},"10":{"loc":{"start":{"line":102,"column":2},"end":{"line":106,"column":3}},"type":"if","locations":[{"start":{"line":102,"column":2},"end":{"line":106,"column":3}},{"start":{},"end":{}}],"line":102},"11":{"loc":{"start":{"line":102,"column":6},"end":{"line":102,"column":45}},"type":"binary-expr","locations":[{"start":{"line":102,"column":6},"end":{"line":102,"column":17}},{"start":{"line":102,"column":21},"end":{"line":102,"column":45}}],"line":102},"12":{"loc":{"start":{"line":109,"column":2},"end":{"line":113,"column":3}},"type":"if","locations":[{"start":{"line":109,"column":2},"end":{"line":113,"column":3}},{"start":{},"end":{}}],"line":109},"13":{"loc":{"start":{"line":150,"column":2},"end":{"line":154,"column":3}},"type":"if","locations":[{"start":{"line":150,"column":2},"end":{"line":154,"column":3}},{"start":{},"end":{}}],"line":150},"14":{"loc":{"start":{"line":180,"column":2},"end":{"line":184,"column":3}},"type":"if","locations":[{"start":{"line":180,"column":2},"end":{"line":184,"column":3}},{"start":{},"end":{}}],"line":180},"15":{"loc":{"start":{"line":220,"column":2},"end":{"line":224,"column":3}},"type":"if","locations":[{"start":{"line":220,"column":2},"end":{"line":224,"column":3}},{"start":{},"end":{}}],"line":220},"16":{"loc":{"start":{"line":227,"column":2},"end":{"line":231,"column":3}},"type":"if","locations":[{"start":{"line":227,"column":2},"end":{"line":231,"column":3}},{"start":{},"end":{}}],"line":227},"17":{"loc":{"start":{"line":258,"column":2},"end":{"line":262,"column":3}},"type":"if","locations":[{"start":{"line":258,"column":2},"end":{"line":262,"column":3}},{"start":{},"end":{}}],"line":258},"18":{"loc":{"start":{"line":265,"column":2},"end":{"line":269,"column":3}},"type":"if","locations":[{"start":{"line":265,"column":2},"end":{"line":269,"column":3}},{"start":{},"end":{}}],"line":265},"19":{"loc":{"start":{"line":272,"column":2},"end":{"line":276,"column":3}},"type":"if","locations":[{"start":{"line":272,"column":2},"end":{"line":276,"column":3}},{"start":{},"end":{}}],"line":272},"20":{"loc":{"start":{"line":303,"column":2},"end":{"line":307,"column":3}},"type":"if","locations":[{"start":{"line":303,"column":2},"end":{"line":307,"column":3}},{"start":{},"end":{}}],"line":303},"21":{"loc":{"start":{"line":311,"column":2},"end":{"line":315,"column":3}},"type":"if","locations":[{"start":{"line":311,"column":2},"end":{"line":315,"column":3}},{"start":{},"end":{}}],"line":311},"22":{"loc":{"start":{"line":319,"column":2},"end":{"line":323,"column":3}},"type":"if","locations":[{"start":{"line":319,"column":2},"end":{"line":323,"column":3}},{"start":{},"end":{}}],"line":319},"23":{"loc":{"start":{"line":325,"column":2},"end":{"line":329,"column":3}},"type":"if","locations":[{"start":{"line":325,"column":2},"end":{"line":329,"column":3}},{"start":{},"end":{}}],"line":325},"24":{"loc":{"start":{"line":333,"column":2},"end":{"line":337,"column":3}},"type":"if","locations":[{"start":{"line":333,"column":2},"end":{"line":337,"column":3}},{"start":{},"end":{}}],"line":333},"25":{"loc":{"start":{"line":371,"column":2},"end":{"line":375,"column":3}},"type":"if","locations":[{"start":{"line":371,"column":2},"end":{"line":375,"column":3}},{"start":{},"end":{}}],"line":371},"26":{"loc":{"start":{"line":377,"column":2},"end":{"line":381,"column":3}},"type":"if","locations":[{"start":{"line":377,"column":2},"end":{"line":381,"column":3}},{"start":{},"end":{}}],"line":377},"27":{"loc":{"start":{"line":408,"column":2},"end":{"line":412,"column":3}},"type":"if","locations":[{"start":{"line":408,"column":2},"end":{"line":412,"column":3}},{"start":{},"end":{}}],"line":408},"28":{"loc":{"start":{"line":414,"column":2},"end":{"line":418,"column":3}},"type":"if","locations":[{"start":{"line":414,"column":2},"end":{"line":418,"column":3}},{"start":{},"end":{}}],"line":414},"29":{"loc":{"start":{"line":444,"column":4},"end":{"line":476,"column":5}},"type":"switch","locations":[{"start":{"line":445,"column":6},"end":{"line":447,"column":14}},{"start":{"line":448,"column":6},"end":{"line":450,"column":14}},{"start":{"line":451,"column":6},"end":{"line":453,"column":14}},{"start":{"line":454,"column":6},"end":{"line":456,"column":14}},{"start":{"line":457,"column":6},"end":{"line":459,"column":14}},{"start":{"line":460,"column":6},"end":{"line":462,"column":14}},{"start":{"line":463,"column":6},"end":{"line":465,"column":14}},{"start":{"line":466,"column":6},"end":{"line":468,"column":14}},{"start":{"line":469,"column":6},"end":{"line":471,"column":14}},{"start":{"line":472,"column":6},"end":{"line":475,"column":14}}],"line":444},"30":{"loc":{"start":{"line":486,"column":0},"end":{"line":488,"column":1}},"type":"if","locations":[{"start":{"line":486,"column":0},"end":{"line":488,"column":1}},{"start":{},"end":{}}],"line":486}},"s":{"0":10,"1":10,"2":10,"3":10,"4":10,"5":10,"6":10,"7":10,"8":10,"9":10,"10":125,"11":125,"12":14,"13":10,"14":10,"15":4,"16":4,"17":4,"18":3,"19":1,"20":1,"21":1,"22":19,"23":0,"24":19,"25":19,"26":19,"27":19,"28":1,"29":58,"30":58,"31":58,"32":18,"33":18,"34":18,"35":18,"36":18,"37":18,"38":18,"39":18,"40":18,"41":13,"42":5,"43":5,"44":5,"45":1,"46":5,"47":36,"48":38,"49":28,"50":3,"51":25,"52":13,"53":12,"54":12,"55":2,"56":10,"57":41,"58":6,"59":6,"60":6,"61":6,"62":6,"63":1,"64":1,"65":1,"66":5,"67":5,"68":3,"69":3,"70":3,"71":2,"72":2,"73":2,"74":2,"75":2,"76":2,"77":2,"78":2,"79":2,"80":3,"81":3,"82":3,"83":3,"84":3,"85":3,"86":2,"87":2,"88":2,"89":1,"90":1,"91":4,"92":1,"93":1,"94":1,"95":4,"96":1,"97":1,"98":3,"99":3,"100":3,"101":3,"102":2,"103":2,"104":2,"105":1,"106":1,"107":2,"108":1,"109":1,"110":2,"111":1,"112":1,"113":1,"114":7,"115":7,"116":7,"117":7,"118":7,"119":7,"120":2,"121":2,"122":2,"123":5,"124":5,"125":4,"126":4,"127":4,"128":1,"129":1,"130":1,"131":1,"132":1,"133":1,"134":5,"135":5,"136":5,"137":5,"138":5,"139":5,"140":2,"141":2,"142":2,"143":3,"144":3,"145":1,"146":1,"147":1,"148":2,"149":2,"150":1,"151":1,"152":1,"153":1,"154":1,"155":1,"156":1,"157":1,"158":8,"159":8,"160":8,"161":8,"162":8,"163":8,"164":8,"165":1,"166":1,"167":1,"168":7,"169":7,"170":2,"171":2,"172":2,"173":5,"174":5,"175":1,"176":1,"177":1,"178":4,"179":1,"180":1,"181":1,"182":3,"183":3,"184":3,"185":1,"186":1,"187":1,"188":2,"189":2,"190":2,"191":2,"192":2,"193":2,"194":2,"195":4,"196":4,"197":4,"198":4,"199":4,"200":4,"201":2,"202":2,"203":2,"204":2,"205":1,"206":1,"207":1,"208":1,"209":1,"210":1,"211":1,"212":1,"213":4,"214":4,"215":4,"216":4,"217":4,"218":4,"219":4,"220":2,"221":2,"222":2,"223":2,"224":1,"225":1,"226":1,"227":1,"228":1,"229":1,"230":1,"231":10,"232":10,"233":10,"234":10,"235":9,"236":9,"237":18,"238":18,"239":18,"240":18,"241":18,"242":1,"243":1,"244":1,"245":1,"246":1,"247":1,"248":1,"249":1,"250":1,"251":1,"252":1,"253":1,"254":1,"255":1,"256":1,"257":1,"258":9,"259":0,"260":1,"261":1,"262":1,"263":10,"264":0,"265":0,"266":0,"267":10,"268":0,"269":10},"f":{"0":125,"1":125,"2":14,"3":19,"4":19,"5":58,"6":18,"7":13,"8":5,"9":1,"10":36,"11":38,"12":28,"13":41,"14":6,"15":3,"16":4,"17":4,"18":3,"19":2,"20":2,"21":7,"22":5,"23":8,"24":4,"25":1,"26":4,"27":4,"28":10,"29":9,"30":0},"b":{"0":[10,4],"1":[1,2],"2":[3,3],"3":[0,19],"4":[1,18],"5":[3,25],"6":[28,25],"7":[13,12],"8":[2,10],"9":[12,12],"10":[1,5],"11":[6,5],"12":[3,2],"13":[2,1],"14":[2,1],"15":[2,5],"16":[4,1],"17":[2,3],"18":[1,2],"19":[1,1],"20":[1,7],"21":[2,5],"22":[1,4],"23":[1,3],"24":[1,2],"25":[2,2],"26":[1,1],"27":[2,2],"28":[1,1],"29":[1,1,1,1,1,1,1,1,9,1],"30":[0,10]},"_coverageSchema":"1a1c01bbd47fc00a2c39e90264f33305004495a9","hash":"f633351a5f11cc83d8c69f07e53d711bcc741f1d"}
}
