TN:
SF:src/index.js
FN:16,(anonymous_0)
FN:16,(anonymous_1)
FN:18,loadData
FN:36,saveData
FN:39,(anonymous_4)
FN:47,renderHeader
FN:53,renderMenu
FN:65,formatMoney
FN:72,generateAccountId
FN:76,(anonymous_9)
FN:80,findAccountById
FN:81,(anonymous_11)
FN:84,isValidAmount
FN:92,pause
FN:96,createAccount
FN:142,viewAccountDetails
FN:163,(anonymous_16)
FN:167,(anonymous_17)
FN:175,listAllAccounts
FN:190,(anonymous_19)
FN:202,(anonymous_20)
FN:212,depositFunds
FN:250,withdrawFunds
FN:294,transferFunds
FN:363,viewTransactionHistory
FN:387,(anonymous_25)
FN:400,deleteAccount
FN:406,(anonymous_27)
FN:427,exitApp
FN:434,main
FN:480,(anonymous_30)
FNF:31
FNH:30
FNDA:125,(anonymous_0)
FNDA:125,(anonymous_1)
FNDA:14,loadData
FNDA:19,saveData
FNDA:19,(anonymous_4)
FNDA:58,renderHeader
FNDA:18,renderMenu
FNDA:13,formatMoney
FNDA:5,generateAccountId
FNDA:1,(anonymous_9)
FNDA:36,findAccountById
FNDA:38,(anonymous_11)
FNDA:28,isValidAmount
FNDA:41,pause
FNDA:6,createAccount
FNDA:3,viewAccountDetails
FNDA:4,(anonymous_16)
FNDA:4,(anonymous_17)
FNDA:3,listAllAccounts
FNDA:2,(anonymous_19)
FNDA:2,(anonymous_20)
FNDA:7,depositFunds
FNDA:5,withdrawFunds
FNDA:8,transferFunds
FNDA:4,viewTransactionHistory
FNDA:1,(anonymous_25)
FNDA:4,deleteAccount
FNDA:4,(anonymous_27)
FNDA:10,exitApp
FNDA:9,main
FNDA:0,(anonymous_30)
DA:1,10
DA:2,10
DA:3,10
DA:4,10
DA:5,10
DA:7,10
DA:8,10
DA:9,10
DA:11,10
DA:16,125
DA:19,14
DA:20,10
DA:21,10
DA:24,4
DA:25,4
DA:26,4
DA:27,3
DA:28,1
DA:31,1
DA:32,1
DA:37,19
DA:38,19
DA:39,19
DA:40,19
DA:41,19
DA:42,1
DA:48,58
DA:49,58
DA:50,58
DA:54,18
DA:55,18
DA:56,18
DA:57,18
DA:58,18
DA:59,18
DA:60,18
DA:61,18
DA:62,18
DA:66,13
DA:73,5
DA:74,5
DA:75,5
DA:76,1
DA:77,5
DA:81,38
DA:85,28
DA:86,25
DA:87,12
DA:88,12
DA:89,10
DA:93,41
DA:97,6
DA:98,6
DA:99,6
DA:101,6
DA:102,6
DA:103,1
DA:104,1
DA:105,1
DA:108,5
DA:109,5
DA:110,3
DA:111,3
DA:112,3
DA:114,2
DA:116,2
DA:117,2
DA:119,2
DA:127,2
DA:135,2
DA:136,2
DA:138,2
DA:139,2
DA:143,3
DA:144,3
DA:145,3
DA:147,3
DA:148,3
DA:150,3
DA:151,2
DA:152,2
DA:153,2
DA:156,1
DA:163,4
DA:164,1
DA:166,1
DA:167,1
DA:168,4
DA:170,1
DA:172,1
DA:176,3
DA:177,3
DA:178,3
DA:180,3
DA:181,2
DA:182,2
DA:183,2
DA:186,1
DA:190,1
DA:191,2
DA:199,1
DA:201,1
DA:202,2
DA:206,1
DA:207,1
DA:209,1
DA:213,7
DA:214,7
DA:215,7
DA:217,7
DA:218,7
DA:220,7
DA:221,2
DA:222,2
DA:223,2
DA:226,5
DA:227,5
DA:228,4
DA:229,4
DA:230,4
DA:232,1
DA:234,1
DA:236,1
DA:244,1
DA:246,1
DA:247,1
DA:251,5
DA:252,5
DA:253,5
DA:255,5
DA:256,5
DA:258,5
DA:259,2
DA:260,2
DA:261,2
DA:264,3
DA:265,3
DA:266,1
DA:267,1
DA:268,1
DA:270,2
DA:272,2
DA:273,1
DA:274,1
DA:275,1
DA:278,1
DA:280,1
DA:288,1
DA:290,1
DA:291,1
DA:295,8
DA:296,8
DA:297,8
DA:299,8
DA:300,8
DA:301,8
DA:303,8
DA:304,1
DA:305,1
DA:306,1
DA:309,7
DA:311,7
DA:312,2
DA:313,2
DA:314,2
DA:317,5
DA:319,5
DA:320,1
DA:321,1
DA:322,1
DA:325,4
DA:326,1
DA:327,1
DA:328,1
DA:330,3
DA:331,3
DA:333,3
DA:334,1
DA:335,1
DA:336,1
DA:339,2
DA:340,2
DA:348,2
DA:349,2
DA:357,2
DA:359,2
DA:360,2
DA:364,4
DA:365,4
DA:366,4
DA:368,4
DA:369,4
DA:371,4
DA:372,2
DA:373,2
DA:374,2
DA:377,2
DA:378,1
DA:379,1
DA:380,1
DA:383,1
DA:387,1
DA:388,1
DA:396,1
DA:397,1
DA:401,4
DA:402,4
DA:403,4
DA:405,4
DA:406,4
DA:408,4
DA:409,2
DA:410,2
DA:411,2
DA:414,2
DA:415,1
DA:416,1
DA:417,1
DA:420,1
DA:421,1
DA:423,1
DA:424,1
DA:428,10
DA:429,10
DA:430,10
DA:431,10
DA:435,9
DA:437,9
DA:438,18
DA:439,18
DA:440,18
DA:442,18
DA:444,18
DA:446,1
DA:447,1
DA:449,1
DA:450,1
DA:452,1
DA:453,1
DA:455,1
DA:456,1
DA:458,1
DA:459,1
DA:461,1
DA:462,1
DA:464,1
DA:465,1
DA:467,1
DA:468,1
DA:470,9
DA:471,0
DA:473,1
DA:474,1
DA:475,1
DA:480,10
DA:481,0
DA:482,0
DA:483,0
DA:486,10
DA:487,0
DA:490,10
LF:261
LH:256
BRDA:19,0,0,10
BRDA:19,0,1,4
BRDA:27,1,0,1
BRDA:27,1,1,2
BRDA:27,2,0,3
BRDA:27,2,1,3
BRDA:37,3,0,0
BRDA:37,3,1,19
BRDA:41,4,0,1
BRDA:41,4,1,18
BRDA:85,5,0,3
BRDA:85,5,1,25
BRDA:85,6,0,28
BRDA:85,6,1,25
BRDA:86,7,0,13
BRDA:86,7,1,12
BRDA:88,8,0,2
BRDA:88,8,1,10
BRDA:88,9,0,12
BRDA:88,9,1,12
BRDA:102,10,0,1
BRDA:102,10,1,5
BRDA:102,11,0,6
BRDA:102,11,1,5
BRDA:109,12,0,3
BRDA:109,12,1,2
BRDA:150,13,0,2
BRDA:150,13,1,1
BRDA:180,14,0,2
BRDA:180,14,1,1
BRDA:220,15,0,2
BRDA:220,15,1,5
BRDA:227,16,0,4
BRDA:227,16,1,1
BRDA:258,17,0,2
BRDA:258,17,1,3
BRDA:265,18,0,1
BRDA:265,18,1,2
BRDA:272,19,0,1
BRDA:272,19,1,1
BRDA:303,20,0,1
BRDA:303,20,1,7
BRDA:311,21,0,2
BRDA:311,21,1,5
BRDA:319,22,0,1
BRDA:319,22,1,4
BRDA:325,23,0,1
BRDA:325,23,1,3
BRDA:333,24,0,1
BRDA:333,24,1,2
BRDA:371,25,0,2
BRDA:371,25,1,2
BRDA:377,26,0,1
BRDA:377,26,1,1
BRDA:408,27,0,2
BRDA:408,27,1,2
BRDA:414,28,0,1
BRDA:414,28,1,1
BRDA:444,29,0,1
BRDA:444,29,1,1
BRDA:444,29,2,1
BRDA:444,29,3,1
BRDA:444,29,4,1
BRDA:444,29,5,1
BRDA:444,29,6,1
BRDA:444,29,7,1
BRDA:444,29,8,9
BRDA:444,29,9,1
BRDA:486,30,0,0
BRDA:486,30,1,10
BRF:70
BRH:68
end_of_record
